2017-08-03 17:43:52 - Starting MsStarterApplication on vinicius-desktop with PID 21618 (/home/vinicius/desenv/workspace/sandbox/ms-starter/build/classes/main started by vinicius in /home/vinicius/desenv/workspace/sandbox/ms-starter)
2017-08-03 17:43:52 - Running with Spring Boot v1.5.3.RELEASE, Spring v4.3.8.RELEASE
2017-08-03 17:43:52 - No active profile set, falling back to default profiles: default
2017-08-03 17:43:56 - Started MsStarterApplication in 4.557 seconds (JVM running for 4.962)
2017-08-03 17:46:17 - Starting MsStarterApplication on vinicius-desktop with PID 22007 (/home/vinicius/desenv/workspace/sandbox/ms-starter/build/classes/main started by vinicius in /home/vinicius/desenv/workspace/sandbox/ms-starter)
2017-08-03 17:46:17 - Running with Spring Boot v1.5.3.RELEASE, Spring v4.3.8.RELEASE
2017-08-03 17:46:17 - No active profile set, falling back to default profiles: default
2017-08-03 17:46:22 - Started MsStarterApplication in 4.36 seconds (JVM running for 4.771)
2017-08-03 17:56:04 - Starting MsStarterApplication on vinicius-desktop with PID 22615 (/home/vinicius/desenv/workspace/sandbox/ms-starter/build/classes/main started by vinicius in /home/vinicius/desenv/workspace/sandbox/ms-starter)
2017-08-03 17:56:04 - Running with Spring Boot v1.5.3.RELEASE, Spring v4.3.8.RELEASE
2017-08-03 17:56:04 - No active profile set, falling back to default profiles: default
2017-08-03 17:56:08 - Started MsStarterApplication in 4.415 seconds (JVM running for 4.862)
2017-08-03 17:57:42 - Starting MsStarterApplication on vinicius-desktop with PID 22900 (/home/vinicius/desenv/workspace/sandbox/ms-starter/build/classes/main started by vinicius in /home/vinicius/desenv/workspace/sandbox/ms-starter)
2017-08-03 17:57:42 - Running with Spring Boot v1.5.3.RELEASE, Spring v4.3.8.RELEASE
2017-08-03 17:57:42 - No active profile set, falling back to default profiles: default
2017-08-03 17:57:46 - Started MsStarterApplication in 4.496 seconds (JVM running for 4.892)
2017-08-03 18:02:35 - Starting MsStarterApplication on vinicius-desktop with PID 23512 (/home/vinicius/desenv/workspace/sandbox/ms-starter/build/classes/main started by vinicius in /home/vinicius/desenv/workspace/sandbox/ms-starter)
2017-08-03 18:02:35 - Running with Spring Boot v1.5.3.RELEASE, Spring v4.3.8.RELEASE
2017-08-03 18:02:35 - No active profile set, falling back to default profiles: default
2017-08-03 18:02:39 - Started MsStarterApplication in 4.469 seconds (JVM running for 4.86)
2017-08-03 18:02:53 - Starting MsStarterApplication on vinicius-desktop with PID 23666 (/home/vinicius/desenv/workspace/sandbox/ms-starter/build/classes/main started by vinicius in /home/vinicius/desenv/workspace/sandbox/ms-starter)
2017-08-03 18:02:53 - Running with Spring Boot v1.5.3.RELEASE, Spring v4.3.8.RELEASE
2017-08-03 18:02:53 - No active profile set, falling back to default profiles: default
2017-08-03 18:02:58 - Started MsStarterApplication in 5.504 seconds (JVM running for 5.961)
2017-08-03 18:04:07 - Starting MsStarterApplication on vinicius-desktop with PID 23894 (/home/vinicius/desenv/workspace/sandbox/ms-starter/build/classes/main started by vinicius in /home/vinicius/desenv/workspace/sandbox/ms-starter)
2017-08-03 18:04:07 - Running with Spring Boot v1.5.3.RELEASE, Spring v4.3.8.RELEASE
2017-08-03 18:04:07 - No active profile set, falling back to default profiles: default
2017-08-03 18:04:11 - Started MsStarterApplication in 4.679 seconds (JVM running for 5.113)
2017-08-03 18:11:16 - Starting Teste on vinicius-desktop with PID 24240 (started by vinicius in /home/vinicius/desenv/workspace/sandbox/ms-starter)
2017-08-03 18:11:16 - Running with Spring Boot v1.5.3.RELEASE, Spring v4.3.8.RELEASE
2017-08-03 18:11:16 - No active profile set, falling back to default profiles: default
2017-08-03 18:11:21 - Started Teste in 4.304 seconds (JVM running for 5.364)
2017-08-03 18:15:01 - Starting MsStarterApplication on vinicius-desktop with PID 24480 (/home/vinicius/desenv/workspace/sandbox/ms-starter/build/classes/main started by vinicius in /home/vinicius/desenv/workspace/sandbox/ms-starter)
2017-08-03 18:15:01 - Running with Spring Boot v1.5.3.RELEASE, Spring v4.3.8.RELEASE
2017-08-03 18:15:01 - No active profile set, falling back to default profiles: default
2017-08-03 18:15:05 - Started MsStarterApplication in 4.36 seconds (JVM running for 4.767)
2017-08-03 18:18:31 - Starting Teste on vinicius-desktop with PID 24672 (started by vinicius in /home/vinicius/desenv/workspace/sandbox/ms-starter)
2017-08-03 18:18:31 - Running with Spring Boot v1.5.3.RELEASE, Spring v4.3.8.RELEASE
2017-08-03 18:18:31 - No active profile set, falling back to default profiles: default
2017-08-03 18:18:35 - Started Teste in 4.338 seconds (JVM running for 4.88)
2017-08-03 18:19:01 - Starting Teste on vinicius-desktop with PID 24778 (started by vinicius in /home/vinicius/desenv/workspace/sandbox/ms-starter)
2017-08-03 18:19:01 - Running with Spring Boot v1.5.3.RELEASE, Spring v4.3.8.RELEASE
2017-08-03 18:19:01 - No active profile set, falling back to default profiles: default
2017-08-03 18:19:05 - Started Teste in 4.402 seconds (JVM running for 4.996)
2017-08-03 18:21:49 - Starting MsStarterApplication on vinicius-desktop with PID 25014 (/home/vinicius/desenv/workspace/sandbox/ms-starter/build/classes/main started by vinicius in /home/vinicius/desenv/workspace/sandbox/ms-starter)
2017-08-03 18:21:49 - Running with Spring Boot v1.5.3.RELEASE, Spring v4.3.8.RELEASE
2017-08-03 18:21:49 - No active profile set, falling back to default profiles: default
2017-08-03 18:21:54 - Started MsStarterApplication in 4.622 seconds (JVM running for 5.017)
2017-09-08 16:29:28 - Starting ParceirosTest on vinicius-desktop with PID 18226 (started by vinicius in /home/vinicius/desenv/workspace/microservices/ms-borajudar)
2017-09-08 16:29:28 - Running with Spring Boot v1.5.3.RELEASE, Spring v4.3.8.RELEASE
2017-09-08 16:29:28 - No active profile set, falling back to default profiles: default
2017-09-08 16:29:30 - Starting ParceirosTest on vinicius-desktop with PID 18226 (started by vinicius in /home/vinicius/desenv/workspace/microservices/ms-borajudar)
2017-09-08 16:29:30 - Running with Spring Boot v1.5.3.RELEASE, Spring v4.3.8.RELEASE
2017-09-08 16:29:30 - No active profile set, falling back to default profiles: default
2017-09-08 16:31:46 - Starting ParceirosTest on vinicius-desktop with PID 18562 (started by vinicius in /home/vinicius/desenv/workspace/microservices/ms-borajudar)
2017-09-08 16:31:46 - Running with Spring Boot v1.5.3.RELEASE, Spring v4.3.8.RELEASE
2017-09-08 16:31:46 - No active profile set, falling back to default profiles: default
2017-09-08 16:31:48 - Starting ParceirosTest on vinicius-desktop with PID 18562 (started by vinicius in /home/vinicius/desenv/workspace/microservices/ms-borajudar)
2017-09-08 16:31:48 - Running with Spring Boot v1.5.3.RELEASE, Spring v4.3.8.RELEASE
2017-09-08 16:31:48 - No active profile set, falling back to default profiles: default
2017-09-08 16:32:56 - Starting ParceirosTest on vinicius-desktop with PID 18682 (started by vinicius in /home/vinicius/desenv/workspace/microservices/ms-borajudar)
2017-09-08 16:32:56 - Running with Spring Boot v1.5.3.RELEASE, Spring v4.3.8.RELEASE
2017-09-08 16:32:56 - No active profile set, falling back to default profiles: default
2017-09-08 16:32:59 - Starting ParceirosTest on vinicius-desktop with PID 18682 (started by vinicius in /home/vinicius/desenv/workspace/microservices/ms-borajudar)
2017-09-08 16:32:59 - Running with Spring Boot v1.5.3.RELEASE, Spring v4.3.8.RELEASE
2017-09-08 16:32:59 - No active profile set, falling back to default profiles: default
2017-09-08 16:35:09 - Starting ParceirosTest on vinicius-desktop with PID 18922 (started by vinicius in /home/vinicius/desenv/workspace/microservices/ms-borajudar)
2017-09-08 16:35:09 - Running with Spring Boot v1.5.3.RELEASE, Spring v4.3.8.RELEASE
2017-09-08 16:35:09 - No active profile set, falling back to default profiles: default
2017-09-08 16:35:11 - Starting ParceirosTest on vinicius-desktop with PID 18922 (started by vinicius in /home/vinicius/desenv/workspace/microservices/ms-borajudar)
2017-09-08 16:35:11 - Running with Spring Boot v1.5.3.RELEASE, Spring v4.3.8.RELEASE
2017-09-08 16:35:11 - No active profile set, falling back to default profiles: default
2017-09-08 16:37:02 - Starting ParceirosTest on vinicius-desktop with PID 19129 (started by vinicius in /home/vinicius/desenv/workspace/microservices/ms-borajudar)
2017-09-08 16:37:02 - Running with Spring Boot v1.5.3.RELEASE, Spring v4.3.8.RELEASE
2017-09-08 16:37:02 - No active profile set, falling back to default profiles: default
2017-09-08 16:37:04 - Starting ParceirosTest on vinicius-desktop with PID 19129 (started by vinicius in /home/vinicius/desenv/workspace/microservices/ms-borajudar)
2017-09-08 16:37:04 - Running with Spring Boot v1.5.3.RELEASE, Spring v4.3.8.RELEASE
2017-09-08 16:37:04 - No active profile set, falling back to default profiles: default
2017-09-08 16:37:50 - Starting ParceirosTest on vinicius-desktop with PID 19241 (started by vinicius in /home/vinicius/desenv/workspace/microservices/ms-borajudar)
2017-09-08 16:37:50 - Running with Spring Boot v1.5.3.RELEASE, Spring v4.3.8.RELEASE
2017-09-08 16:37:50 - No active profile set, falling back to default profiles: default
2017-09-08 16:37:52 - Starting ParceirosTest on vinicius-desktop with PID 19241 (started by vinicius in /home/vinicius/desenv/workspace/microservices/ms-borajudar)
2017-09-08 16:37:52 - Running with Spring Boot v1.5.3.RELEASE, Spring v4.3.8.RELEASE
2017-09-08 16:37:52 - No active profile set, falling back to default profiles: default
2017-09-08 16:45:37 - Starting ParceirosTest on vinicius-desktop with PID 19671 (started by vinicius in /home/vinicius/desenv/workspace/microservices/ms-borajudar)
2017-09-08 16:45:37 - Running with Spring Boot v1.5.3.RELEASE, Spring v4.3.8.RELEASE
2017-09-08 16:45:37 - No active profile set, falling back to default profiles: default
2017-09-08 16:45:40 - Starting ParceirosTest on vinicius-desktop with PID 19671 (started by vinicius in /home/vinicius/desenv/workspace/microservices/ms-borajudar)
2017-09-08 16:45:40 - Running with Spring Boot v1.5.3.RELEASE, Spring v4.3.8.RELEASE
2017-09-08 16:45:40 - No active profile set, falling back to default profiles: default
2017-09-08 16:46:37 - Starting ParceirosTest on vinicius-desktop with PID 19774 (started by vinicius in /home/vinicius/desenv/workspace/microservices/ms-borajudar)
2017-09-08 16:46:37 - Running with Spring Boot v1.5.3.RELEASE, Spring v4.3.8.RELEASE
2017-09-08 16:46:37 - No active profile set, falling back to default profiles: default
2017-09-08 16:46:40 - Started ParceirosTest in 3.793 seconds (JVM running for 4.326)
2017-09-08 16:46:40 -  chamando o serviço  salvaParceiro
2017-09-08 17:14:10 - Starting ParceirosTest on vinicius-desktop with PID 20525 (started by vinicius in /home/vinicius/desenv/workspace/microservices/ms-borajudar)
2017-09-08 17:14:10 - Running with Spring Boot v1.5.3.RELEASE, Spring v4.3.8.RELEASE
2017-09-08 17:14:10 - No active profile set, falling back to default profiles: default
2017-09-08 17:14:14 - Started ParceirosTest in 3.701 seconds (JVM running for 4.242)
2017-09-08 17:14:14 -  chamando o serviço  salvaParceiro
2017-09-08 17:18:08 - Starting ParceirosTest on vinicius-desktop with PID 20722 (started by vinicius in /home/vinicius/desenv/workspace/microservices/ms-borajudar)
2017-09-08 17:18:08 - Running with Spring Boot v1.5.3.RELEASE, Spring v4.3.8.RELEASE
2017-09-08 17:18:08 - No active profile set, falling back to default profiles: default
2017-09-08 17:18:12 - Started ParceirosTest in 3.791 seconds (JVM running for 4.325)
2017-09-08 17:18:12 -  chamando o serviço  salvaParceiro
2017-09-08 17:38:32 - Starting CampanhasTest on vinicius-desktop with PID 21636 (started by vinicius in /home/vinicius/desenv/workspace/microservices/ms-borajudar)
2017-09-08 17:38:32 - Running with Spring Boot v1.5.3.RELEASE, Spring v4.3.8.RELEASE
2017-09-08 17:38:32 - No active profile set, falling back to default profiles: default
2017-09-08 17:38:35 - Started CampanhasTest in 3.556 seconds (JVM running for 4.092)
2017-09-08 17:40:32 - Starting CampanhasTest on vinicius-desktop with PID 21819 (started by vinicius in /home/vinicius/desenv/workspace/microservices/ms-borajudar)
2017-09-08 17:40:32 - Running with Spring Boot v1.5.3.RELEASE, Spring v4.3.8.RELEASE
2017-09-08 17:40:32 - No active profile set, falling back to default profiles: default
2017-09-08 17:40:35 - Started CampanhasTest in 3.693 seconds (JVM running for 4.232)
2017-09-08 17:45:24 - Starting CampanhasTest on vinicius-desktop with PID 22141 (started by vinicius in /home/vinicius/desenv/workspace/microservices/ms-borajudar)
2017-09-08 17:45:24 - Running with Spring Boot v1.5.3.RELEASE, Spring v4.3.8.RELEASE
2017-09-08 17:45:24 - No active profile set, falling back to default profiles: default
2017-09-08 17:45:28 - Started CampanhasTest in 3.547 seconds (JVM running for 4.111)
2017-09-08 17:46:59 - Starting CampanhasTest on vinicius-desktop with PID 22286 (started by vinicius in /home/vinicius/desenv/workspace/microservices/ms-borajudar)
2017-09-08 17:46:59 - Running with Spring Boot v1.5.3.RELEASE, Spring v4.3.8.RELEASE
2017-09-08 17:46:59 - No active profile set, falling back to default profiles: default
2017-09-08 17:47:02 - Started CampanhasTest in 3.681 seconds (JVM running for 4.213)
2017-09-08 18:02:28 - Starting CampanhasTest on vinicius-desktop with PID 23019 (started by vinicius in /home/vinicius/desenv/workspace/microservices/ms-borajudar)
2017-09-08 18:02:28 - Running with Spring Boot v1.5.3.RELEASE, Spring v4.3.8.RELEASE
2017-09-08 18:02:28 - No active profile set, falling back to default profiles: default
2017-09-08 18:02:32 - Started CampanhasTest in 3.668 seconds (JVM running for 4.199)
2017-09-08 18:03:56 - Starting CampanhasTest on vinicius-desktop with PID 23185 (started by vinicius in /home/vinicius/desenv/workspace/microservices/ms-borajudar)
2017-09-08 18:03:56 - Running with Spring Boot v1.5.3.RELEASE, Spring v4.3.8.RELEASE
2017-09-08 18:03:56 - No active profile set, falling back to default profiles: default
2017-09-08 18:03:58 - Starting CampanhasTest on vinicius-desktop with PID 23185 (started by vinicius in /home/vinicius/desenv/workspace/microservices/ms-borajudar)
2017-09-08 18:03:58 - Running with Spring Boot v1.5.3.RELEASE, Spring v4.3.8.RELEASE
2017-09-08 18:03:58 - No active profile set, falling back to default profiles: default
2017-09-08 18:04:46 - Starting CampanhasTest on vinicius-desktop with PID 23294 (started by vinicius in /home/vinicius/desenv/workspace/microservices/ms-borajudar)
2017-09-08 18:04:46 - Running with Spring Boot v1.5.3.RELEASE, Spring v4.3.8.RELEASE
2017-09-08 18:04:46 - No active profile set, falling back to default profiles: default
2017-09-08 18:04:50 - Started CampanhasTest in 3.75 seconds (JVM running for 4.275)
2017-09-08 18:16:38 - Starting CampanhasTest on vinicius-desktop with PID 23835 (started by vinicius in /home/vinicius/desenv/workspace/microservices/ms-borajudar)
2017-09-08 18:16:38 - Running with Spring Boot v1.5.3.RELEASE, Spring v4.3.8.RELEASE
2017-09-08 18:16:38 - No active profile set, falling back to default profiles: default
2017-09-08 18:16:41 - Started CampanhasTest in 3.784 seconds (JVM running for 4.3)
